<?xml version="1.0" encoding="UTF-8"?>
<!-- Generated by org.testng.reporters.JUnitXMLReporter -->
<testsuite ignored="0" hostname="LAPTOP-SNBHDT1F" failures="0" tests="7" name="Test" time="181.433" errors="0" timestamp="2026-01-29T16:14:22 EST">
  <testcase classname="appiumTests.AddToCartTest" name="AddToCartTest" time="14.843"/>
  <testcase classname="appiumTests.LaunchAppTest" name="LaunchAppTest" time="4.126"/>
  <testcase classname="appiumTests.LetsShopTest" name="LetsShopTest" time="6.855"/>
  <testcase classname="appiumTests.ShopSelectingUnitedStatesTest" name="ShopSelectingUnitedStatesTest" time="39.379"/>
  <testcase classname="appiumTests.TermsAndConditionsTest" name="TermsAndConditionsTest" time="17.858"/>
  <testcase classname="appiumTests.ValidateToastMessageTest" name="ValidateToastMessageTest" time="5.499"/>
  <testcase classname="appiumTests.CompletePurchaseTest" name="CompletePurchaseTest" time="23.473"/>
</testsuite> <!-- Test -->
